<?xml version="1.0" encoding="UTF-8"?>
<!-- Generated by org.testng.reporters.JUnitReportReporter -->
<testsuite hostname="Dhaneesh-MacBook-Pro.local" failures="0" tests="2" name="test.day1" time="0.004" errors="0" timestamp="2023-05-04T16:36:07 IST" skipped="0">
  <testcase classname="test.day1" name="Demo2" time="0.001"/>
  <system-out/>
  <testcase classname="test.day1" name="Demo" time="0.003"/>
  <system-out/>
</testsuite> <!-- test.day1 -->
