<?xml version="1.0" encoding="UTF-8"?>
<!-- Generated by org.testng.reporters.JUnitReportReporter -->
<testsuite hostname="Dhaneesh-MacBook-Pro.local" failures="0" tests="1" name="test.day2" time="0.002" errors="0" timestamp="2023-05-04T16:36:07 IST" skipped="0">
  <testcase classname="test.day2" name="test2method" time="0.002"/>
  <system-out/>
</testsuite> <!-- test.day2 -->
