<?xml version="1.0" encoding="UTF-8"?>
<!-- Generated by org.testng.reporters.JUnitReportReporter -->
<testsuite hostname="Dhaneesh-MacBook-Pro.local" failures="0" tests="3" name="test.day4" time="0.005" errors="0" timestamp="2023-05-04T16:36:07 IST" skipped="0">
  <testcase classname="test.day4" name="MobileloginHomeLoan" time="0.002"/>
  <system-out/>
  <testcase classname="test.day4" name="webloginHomeLoan" time="0.001"/>
  <system-out/>
  <testcase classname="test.day4" name="APIloginHomeLoan" time="0.002"/>
  <system-out/>
</testsuite> <!-- test.day4 -->
